Arguments: 
  D:\nodejs\node.exe D:\nodejs\node_modules\yarn\bin\yarn.js add express _s

PATH: 
  C:\Windows\system32;C:\Windows;C:\Windows\System32\Wbem;C:\Windows\System32\WindowsPowerShell\v1.0\;C:\Windows\System32\OpenSSH\;C:\Program Files (x86)\Intel\Intel(R) Management Engine Components\DAL;C:\Program Files\Intel\Intel(R) Management Engine Components\DAL;C:\Program Files (x86)\NVIDIA Corporation\PhysX\Common;C:\Program Files\NVIDIA Corporation\NVIDIA NvDLISR;C:\Program Files\Intel\WiFi\bin\;C:\Program Files\Common Files\Intel\WirelessCommon\;D:\TortoiseSVN\bin;"F:\java\jdk\bin;F:\java\jdk\jre\bin";F:\java\jdk\bin;D:\Program Files\GTK2-Runtime Win64\bin;C:\WINDOWS\system32;C:\WINDOWS;C:\WINDOWS\System32\Wbem;C:\WINDOWS\System32\WindowsPowerShell\v1.0\;C:\WINDOWS\System32\OpenSSH\;D:\Git\cmd;D:\phpstudy_pro\Extensions\MySQL5.7.26\bin;D:\Program Files\Android\Android Studio new\.gradle\caches;D:\Program Files\platform-tools\adb.exe;D:\Program Files\cmder;D:\nvm;D:\nodejs;;D:\微信web开发者工具\dll;D:\python\Scripts\;D:\python\;C:\Users\hanmingda\AppData\Local\Microsoft\WindowsApps;D:\HBuilderX\plugins\launcher\tools\adbs;F:\java\IntelliJ IDEA 2020.1\bin;D:\Microsoft VS Code\bin;C:\Users\hanmingda\AppData\Local\Microsoft\WindowsApps;D:\Program Files\JetBrains\IntelliJ IDEA 2021.2\bin;;D:\nvm;D:\nodejs;

Yarn version: 
  1.22.17

Node version: 
  14.18.2

Platform: 
  win32 x64

Trace: 
  Error: https://registry.npm.taobao.org/_s: [NOT_FOUND] _s not found
      at Request.params.callback [as _callback] (D:\nvm\v14.18.2\node_modules\yarn\lib\cli.js:67029:18)
      at Request.self.callback (D:\nvm\v14.18.2\node_modules\yarn\lib\cli.js:140883:22)
      at Request.emit (events.js:400:28)
      at Request.<anonymous> (D:\nvm\v14.18.2\node_modules\yarn\lib\cli.js:141855:10)
      at Request.emit (events.js:400:28)
      at Gunzip.<anonymous> (D:\nvm\v14.18.2\node_modules\yarn\lib\cli.js:141777:12)
      at Object.onceWrapper (events.js:519:28)
      at Gunzip.emit (events.js:400:28)
      at endReadableNT (internal/streams/readable.js:1334:12)
      at processTicksAndRejections (internal/process/task_queues.js:82:21)

npm manifest: 
  {
    "name": "node-mysql-demo",
    "version": "1.0.0",
    "main": "app.js",
    "license": "MIT"
  }

yarn manifest: 
  No manifest

Lockfile: 
  No lockfile
